{
  "RSpec": {
    "coverage": {
      "/home/vagrant/work/worry/app/models/user.rb": {
        "lines": [
          1,
          null,
          null,
          1,
          null,
          null,
          1,
          1,
          1,
          1,
          null,
          1,
          null,
          1,
          1,
          null,
          1,
          1,
          null,
          1,
          1,
          null,
          1,
          null,
          1,
          2,
          null,
          null,
          1,
          3,
          null,
          null,
          1,
          1,
          null,
          null
        ]
      },
      "/home/vagrant/work/worry/app/models/application_record.rb": {
        "lines": [
          1,
          1,
          null
        ]
      },
      "/home/vagrant/work/worry/app/helpers/application_helper.rb": {
        "lines": [
          1,
          null
        ]
      },
      "/home/vagrant/work/worry/app/helpers/homes_helper.rb": {
        "lines": [
          1,
          null
        ]
      },
      "/home/vagrant/work/worry/app/helpers/likes_helper.rb": {
        "lines": [
          1,
          null
        ]
      },
      "/home/vagrant/work/worry/app/helpers/post_comments_helper.rb": {
        "lines": [
          1,
          null
        ]
      },
      "/home/vagrant/work/worry/app/helpers/posts_helper.rb": {
        "lines": [
          1,
          null
        ]
      },
      "/home/vagrant/work/worry/app/helpers/relationships_helper.rb": {
        "lines": [
          1,
          null
        ]
      },
      "/home/vagrant/work/worry/app/helpers/stocks_helper.rb": {
        "lines": [
          1,
          null
        ]
      },
      "/home/vagrant/work/worry/app/helpers/tags_helper.rb": {
        "lines": [
          1,
          null
        ]
      },
      "/home/vagrant/work/worry/app/helpers/thanks_helper.rb": {
        "lines": [
          1,
          null
        ]
      },
      "/home/vagrant/work/worry/app/helpers/users_helper.rb": {
        "lines": [
          1,
          null
        ]
      },
      "/home/vagrant/work/worry/app/models/relationship.rb": {
        "lines": [
          1,
          1,
          1,
          null
        ]
      },
      "/home/vagrant/work/worry/app/models/stock.rb": {
        "lines": [
          1,
          1,
          1,
          null,
          1,
          1,
          null,
          1,
          0,
          null,
          null
        ]
      },
      "/home/vagrant/work/worry/app/models/post.rb": {
        "lines": [
          1,
          1,
          1,
          1,
          1,
          1,
          1,
          1,
          1,
          null,
          1,
          1,
          null,
          1,
          null,
          1,
          13,
          null,
          null,
          1,
          2,
          null,
          null,
          null,
          1,
          1,
          null,
          null,
          null,
          null,
          1,
          8,
          null,
          null,
          null
        ]
      },
      "/home/vagrant/work/worry/app/controllers/application_controller.rb": {
        "lines": [
          1,
          1,
          null,
          1,
          null,
          1,
          65,
          null,
          null,
          1,
          9,
          null,
          9,
          null,
          null,
          0,
          0,
          0,
          null,
          0,
          null,
          null,
          null,
          null,
          1,
          0,
          null,
          null
        ]
      },
      "/home/vagrant/work/worry/app/controllers/posts_controller.rb": {
        "lines": [
          1,
          1,
          2,
          2,
          2,
          2,
          null,
          null,
          1,
          2,
          null,
          null,
          1,
          1,
          1,
          1,
          1,
          1,
          null,
          0,
          null,
          null,
          null,
          1,
          13,
          null,
          null,
          null,
          null,
          null,
          null,
          null,
          null,
          null,
          null,
          null,
          null,
          13,
          null,
          13,
          13,
          0,
          13,
          0,
          null,
          13,
          null,
          13,
          null,
          null,
          1,
          7,
          7,
          7,
          null,
          null,
          1,
          1,
          null,
          null,
          1,
          1,
          1,
          1,
          1,
          null,
          0,
          null,
          null,
          null,
          1,
          1,
          1,
          1,
          1,
          null,
          null,
          1,
          null,
          1,
          4,
          null,
          null
        ]
      },
      "/home/vagrant/work/worry/app/models/like.rb": {
        "lines": [
          1,
          1,
          1,
          1,
          null
        ]
      },
      "/home/vagrant/work/worry/app/models/post_comment.rb": {
        "lines": [
          1,
          1,
          1,
          1,
          null,
          1,
          0,
          null,
          null
        ]
      },
      "/home/vagrant/work/worry/app/controllers/likes_controller.rb": {
        "lines": [
          1,
          1,
          null,
          1,
          2,
          2,
          2,
          null,
          null,
          1,
          2,
          2,
          2,
          null,
          null,
          1,
          null,
          1,
          4,
          null,
          null
        ]
      },
      "/home/vagrant/work/worry/app/controllers/users_controller.rb": {
        "lines": [
          1,
          1,
          15,
          15,
          15,
          null,
          null,
          1,
          0,
          null,
          null,
          1,
          0,
          0,
          0,
          0,
          null,
          0,
          null,
          null,
          null,
          1,
          0,
          0,
          null,
          null,
          1,
          0,
          0,
          null,
          null,
          1,
          null,
          1,
          0,
          null,
          null
        ]
      },
      "/home/vagrant/work/worry/app/controllers/stocks_controller.rb": {
        "lines": [
          1,
          null,
          1,
          null,
          null,
          0,
          null,
          null,
          1,
          2,
          null,
          2,
          null,
          2,
          null,
          2,
          null,
          null,
          1,
          1,
          null,
          1,
          1,
          null,
          1,
          null,
          null
        ]
      },
      "/home/vagrant/work/worry/app/mailers/application_mailer.rb": {
        "lines": [
          0,
          0,
          0,
          0
        ],
        "branches": {
        }
      },
      "/home/vagrant/work/worry/app/models/thank.rb": {
        "lines": [
          0,
          0,
          0,
          0
        ],
        "branches": {
        }
      },
      "/home/vagrant/work/worry/app/models/tag.rb": {
        "lines": [
          0,
          0
        ],
        "branches": {
        }
      },
      "/home/vagrant/work/worry/app/jobs/application_job.rb": {
        "lines": [
          0,
          0
        ],
        "branches": {
        }
      },
      "/home/vagrant/work/worry/app/controllers/post_comments_controller.rb": {
        "lines": [
          0,
          0,
          null,
          0,
          0,
          0,
          0,
          0,
          0,
          null,
          0,
          0,
          0,
          0,
          null,
          0,
          null,
          0,
          0,
          0,
          null,
          0,
          0,
          0,
          0
        ],
        "branches": {
        }
      },
      "/home/vagrant/work/worry/app/controllers/homes_controller.rb": {
        "lines": [
          0,
          0,
          0,
          null,
          0,
          0,
          null,
          0,
          0,
          0,
          0,
          0,
          0,
          0,
          0,
          0,
          0,
          0
        ],
        "branches": {
        }
      },
      "/home/vagrant/work/worry/app/controllers/relationships_controller.rb": {
        "lines": [
          0,
          0,
          0,
          0,
          0,
          0,
          null,
          0,
          0,
          0,
          0,
          0,
          0
        ],
        "branches": {
        }
      },
      "/home/vagrant/work/worry/app/controllers/thanks_controller.rb": {
        "lines": [
          0,
          0,
          0,
          0,
          0,
          0,
          0,
          0,
          0,
          null,
          0,
          0,
          0,
          0,
          0,
          0,
          0
        ],
        "branches": {
        }
      },
      "/home/vagrant/work/worry/app/channels/application_cable/connection.rb": {
        "lines": [
          0,
          0,
          0,
          0
        ],
        "branches": {
        }
      },
      "/home/vagrant/work/worry/app/channels/application_cable/channel.rb": {
        "lines": [
          0,
          0,
          0,
          0
        ],
        "branches": {
        }
      }
    },
    "timestamp": 1607781841
  }
}
